Using pre-set license
Built from '2020.3/staging' branch; Version is '2020.3.3f1 (76626098c1c4) revision 7758432'; Using compiler version '192528614'; Build Type 'Release'
OS: 'Windows 10 Home; OS build 19043.1288; Version 2009; 64bit' Language: 'cs' Physical Memory: 8029 MB
BatchMode: 1, IsHumanControllingUs: 0, StartBugReporterOnCrash: 0, Is64bit: 1, IsPro: 0

 COMMAND LINE ARGUMENTS:
C:\Program Files\Unity\Hub\Editor\2020.3.3f1\Editor\Unity.exe
-adb2
-batchMode
-noUpm
-name
AssetImportWorker0
-projectPath
C:/Users/dadur/Documents/GitHub/repository3/2D game
-logFile
Logs/AssetImportWorker0.log
-srvPort
51435
Successfully changed project path to: C:/Users/dadur/Documents/GitHub/repository3/2D game
C:/Users/dadur/Documents/GitHub/repository3/2D game
Using Asset Import Pipeline V2.
Refreshing native plugins compatible for Editor in 46.83 ms, found 1 plugins.
Preloading 0 native plugins for Editor in 0.00 ms.
Initialize engine version: 2020.3.3f1 (76626098c1c4)
[Subsystems] Discovering subsystems at path C:/Program Files/Unity/Hub/Editor/2020.3.3f1/Editor/Data/Resources/UnitySubsystems
[Subsystems] Discovering subsystems at path C:/Users/dadur/Documents/GitHub/repository3/2D game/Assets
GfxDevice: creating device client; threaded=0
Direct3D:
    Version:  Direct3D 11.0 [level 11.1]
    Renderer: NVIDIA GeForce GTX 1650 (ID=0x1f91)
    Vendor:   
    VRAM:     3962 MB
    Driver:   27.21.14.5167
Initialize mono
Mono path[0] = 'C:/Program Files/Unity/Hub/Editor/2020.3.3f1/Editor/Data/Managed'
Mono path[1] = 'C:/Program Files/Unity/Hub/Editor/2020.3.3f1/Editor/Data/MonoBleedingEdge/lib/mono/unityjit'
Mono config path = 'C:/Program Files/Unity/Hub/Editor/2020.3.3f1/Editor/Data/MonoBleedingEdge/etc'
Using monoOptions --debugger-agent=transport=dt_socket,embedding=1,server=y,suspend=n,address=127.0.0.1:56176
Begin MonoManager ReloadAssembly
Registering precompiled unity dll's ...
Register platform support module: C:/Program Files/Unity/Hub/Editor/2020.3.3f1/Editor/Data/PlaybackEngines/WindowsStandaloneSupport/UnityEditor.WindowsStandalone.Extensions.dll
Registered in 0.003005 seconds.
Native extension for WindowsStandalone target not found
Refreshing native plugins compatible for Editor in 64.61 ms, found 1 plugins.
Preloading 0 native plugins for Editor in 0.00 ms.
Invoked RoslynAnalysisRunner static constructor.
RoslynAnalysisRunner will not be running.
RoslynAnalysisRunner has terminated.
Mono: successfully reloaded assembly
- Completed reload, in  5.739 seconds
Platform modules already initialized, skipping
Registering precompiled user dll's ...
Registered in 0.001477 seconds.
Begin MonoManager ReloadAssembly
Native extension for WindowsStandalone target not found
Refreshing native plugins compatible for Editor in 80.81 ms, found 1 plugins.
Preloading 0 native plugins for Editor in 0.00 ms.
Invoked RoslynAnalysisRunner static constructor.
RoslynAnalysisRunner will not be running.
RoslynAnalysisRunner has terminated.
Mono: successfully reloaded assembly
- Completed reload, in  2.324 seconds
Platform modules already initialized, skipping
========================================================================
Worker process is ready to serve import requests
Launched and connected shader compiler UnityShaderCompiler.exe after 0.08 seconds
Refreshing native plugins compatible for Editor in 0.46 ms, found 1 plugins.
Preloading 0 native plugins for Editor in 0.00 ms.
Unloading 1809 Unused Serialized files (Serialized files now loaded: 0)
System memory in use before: 84.8 MB.
System memory in use after: 84.8 MB.

Unloading 24 unused Assets to reduce memory usage. Loaded Objects now: 2251.
Total: 3.501400 ms (FindLiveObjects: 0.378100 ms CreateObjectMapping: 0.169700 ms MarkObjects: 2.778100 ms  DeleteObjects: 0.174100 ms)

========================================================================
Received Import Request.
  path: Assets/KameraSzkript
  artifactKey: Guid(583745a32f41f0e4e95ed07a52f83691) Importer(815301076,1909f56bfc062723c751e8b465ee728b)
Start importing Assets/KameraSzkript using Guid(583745a32f41f0e4e95ed07a52f83691) Importer(815301076,1909f56bfc062723c751e8b465ee728b)  -> (artifact id: 'dcd714a537c6975ea9d8977406530216') in 0.021442 seconds
  Import took 0.027379 seconds .

========================================================================
Received Import Request.
  Time since last request: 10.616912 seconds.
  path: Assets/CameraCollider.cs
  artifactKey: Guid(5cab018d30350884c95de02e82aea4c6) Importer(815301076,1909f56bfc062723c751e8b465ee728b)
Start importing Assets/CameraCollider.cs using Guid(5cab018d30350884c95de02e82aea4c6) Importer(815301076,1909f56bfc062723c751e8b465ee728b)  -> (artifact id: '856f28ef104f9bc5374d45309042d072') in 0.044625 seconds
  Import took 0.049949 seconds .

========================================================================
Received Import Request.
  Time since last request: 0.015318 seconds.
  path: Assets/CameraCollider.cs
  artifactKey: Guid(5cab018d30350884c95de02e82aea4c6) Importer(815301076,1909f56bfc062723c751e8b465ee728b)
Start importing Assets/CameraCollider.cs using Guid(5cab018d30350884c95de02e82aea4c6) Importer(815301076,1909f56bfc062723c751e8b465ee728b)  -> (artifact id: '856f28ef104f9bc5374d45309042d072') in 0.005890 seconds
  Import took 0.011308 seconds .

========================================================================
Received Prepare
Registering precompiled user dll's ...
Registered in 0.004629 seconds.
Begin MonoManager ReloadAssembly
Native extension for WindowsStandalone target not found
Refreshing native plugins compatible for Editor in 0.48 ms, found 1 plugins.
Preloading 0 native plugins for Editor in 0.00 ms.
Invoked RoslynAnalysisRunner static constructor.
RoslynAnalysisRunner will not be running.
RoslynAnalysisRunner has terminated.
Mono: successfully reloaded assembly
- Completed reload, in  1.202 seconds
Platform modules already initialized, skipping
Refreshing native plugins compatible for Editor in 0.55 ms, found 1 plugins.
Preloading 0 native plugins for Editor in 0.00 ms.
Unloading 1804 Unused Serialized files (Serialized files now loaded: 0)
System memory in use before: 84.8 MB.
System memory in use after: 84.8 MB.

Unloading 13 unused Assets to reduce memory usage. Loaded Objects now: 2255.
Total: 2.947500 ms (FindLiveObjects: 0.217800 ms CreateObjectMapping: 0.092300 ms MarkObjects: 2.479000 ms  DeleteObjects: 0.156900 ms)

========================================================================
Received Import Request.
  Time since last request: 502.128573 seconds.
  path: Assets
  artifactKey: Guid(00000000000000001000000000000000) Importer(815301076,1909f56bfc062723c751e8b465ee728b)
Start importing Assets using Guid(00000000000000001000000000000000) Importer(815301076,1909f56bfc062723c751e8b465ee728b)  -> (artifact id: 'b2e0e235c0f4af3754229b664788db90') in 0.027280 seconds
  Import took 0.033404 seconds .

========================================================================
Received Import Request.
  Time since last request: 13.375041 seconds.
  path: Assets/Circle.png
  artifactKey: Guid(2cf07675825e5104fbea3c3ab4a9709d) Importer(815301076,1909f56bfc062723c751e8b465ee728b)
Start importing Assets/Circle.png using Guid(2cf07675825e5104fbea3c3ab4a9709d) Importer(815301076,1909f56bfc062723c751e8b465ee728b)  -> (artifact id: 'd43eb7698406631610ebddab9a8b8fdd') in 0.219073 seconds
  Import took 0.223883 seconds .

========================================================================
Received Import Request.
  Time since last request: 510.490777 seconds.
  path: Assets/bulletPhysic.physicMaterial
  artifactKey: Guid(f471e4fdc86529344a014988f38b5195) Importer(815301076,1909f56bfc062723c751e8b465ee728b)
Start importing Assets/bulletPhysic.physicMaterial using Guid(f471e4fdc86529344a014988f38b5195) Importer(815301076,1909f56bfc062723c751e8b465ee728b)  -> (artifact id: 'ccfae05804eae13aeb8aad6d0a53b77e') in 0.027522 seconds
  Import took 0.037641 seconds .

========================================================================
Received Import Request.
  Time since last request: 0.001929 seconds.
  path: Assets/bulletPhysic.physicMaterial
  artifactKey: Guid(f471e4fdc86529344a014988f38b5195) Importer(815301076,1909f56bfc062723c751e8b465ee728b)
Start importing Assets/bulletPhysic.physicMaterial using Guid(f471e4fdc86529344a014988f38b5195) Importer(815301076,1909f56bfc062723c751e8b465ee728b)  -> (artifact id: 'ccfae05804eae13aeb8aad6d0a53b77e') in 0.007218 seconds
  Import took 0.014300 seconds .

========================================================================
Received Import Request.
  Time since last request: 81.898743 seconds.
  path: Assets/New Physics Material 2D.physicsMaterial2D
  artifactKey: Guid(1bdb07a042741594bab37d037d480f4e) Importer(815301076,1909f56bfc062723c751e8b465ee728b)
Start importing Assets/New Physics Material 2D.physicsMaterial2D using Guid(1bdb07a042741594bab37d037d480f4e) Importer(815301076,1909f56bfc062723c751e8b465ee728b)  -> (artifact id: '1b89bb86c28c5bc5a25e96817e354727') in 0.043705 seconds
  Import took 0.053074 seconds .

========================================================================
Received Import Request.
  Time since last request: 0.007888 seconds.
  path: Assets/New Physics Material 2D.physicsMaterial2D
  artifactKey: Guid(1bdb07a042741594bab37d037d480f4e) Importer(815301076,1909f56bfc062723c751e8b465ee728b)
Start importing Assets/New Physics Material 2D.physicsMaterial2D using Guid(1bdb07a042741594bab37d037d480f4e) Importer(815301076,1909f56bfc062723c751e8b465ee728b)  -> (artifact id: '1b89bb86c28c5bc5a25e96817e354727') in 0.009228 seconds
  Import took 0.017352 seconds .

========================================================================
Received Import Request.
  Time since last request: 21.050388 seconds.
  path: Assets/bulletPhysic.physicsMaterial2D
  artifactKey: Guid(1bdb07a042741594bab37d037d480f4e) Importer(815301076,1909f56bfc062723c751e8b465ee728b)
Start importing Assets/bulletPhysic.physicsMaterial2D using Guid(1bdb07a042741594bab37d037d480f4e) Importer(815301076,1909f56bfc062723c751e8b465ee728b)  -> (artifact id: '4bd09c0bbb4bf72c26f6f0730b059199') in 0.011459 seconds
  Import took 0.017263 seconds .

========================================================================
Received Prepare
Registering precompiled user dll's ...
Registered in 0.001595 seconds.
Begin MonoManager ReloadAssembly
Native extension for WindowsStandalone target not found
Refreshing native plugins compatible for Editor in 0.64 ms, found 1 plugins.
Preloading 0 native plugins for Editor in 0.00 ms.
Invoked RoslynAnalysisRunner static constructor.
RoslynAnalysisRunner will not be running.
RoslynAnalysisRunner has terminated.
Mono: successfully reloaded assembly
- Completed reload, in  1.362 seconds
Platform modules already initialized, skipping
Refreshing native plugins compatible for Editor in 0.34 ms, found 1 plugins.
Preloading 0 native plugins for Editor in 0.00 ms.
Unloading 1805 Unused Serialized files (Serialized files now loaded: 0)
System memory in use before: 87.9 MB.
System memory in use after: 87.9 MB.

Unloading 12 unused Assets to reduce memory usage. Loaded Objects now: 2266.
Total: 3.066600 ms (FindLiveObjects: 0.393900 ms CreateObjectMapping: 0.127700 ms MarkObjects: 2.353300 ms  DeleteObjects: 0.190600 ms)

========================================================================
Received Import Request.
  Time since last request: 92.254638 seconds.
  path: Assets/bulletScript.cs
  artifactKey: Guid(e733d181c4b5cdb4799c1c39ef3efade) Importer(815301076,1909f56bfc062723c751e8b465ee728b)
Start importing Assets/bulletScript.cs using Guid(e733d181c4b5cdb4799c1c39ef3efade) Importer(815301076,1909f56bfc062723c751e8b465ee728b)  -> (artifact id: '66aff5fe496af7d220477f346b10fab0') in 0.016404 seconds
  Import took 0.023727 seconds .

========================================================================
Received Import Request.
  Time since last request: 56.476896 seconds.
  path: ProjectSettings/TagManager.asset
  artifactKey: Guid(00000000000000003000000000000000) Importer(815301076,1909f56bfc062723c751e8b465ee728b)
Start importing ProjectSettings/TagManager.asset using Guid(00000000000000003000000000000000) Importer(815301076,1909f56bfc062723c751e8b465ee728b)  -> (artifact id: '3125bf62d54dbcdd0ce3e4c540a7aa4e') in 0.034822 seconds
  Import took 0.041922 seconds .

========================================================================
Received Prepare
Registering precompiled user dll's ...
Registered in 0.001395 seconds.
Begin MonoManager ReloadAssembly
Native extension for WindowsStandalone target not found
Refreshing native plugins compatible for Editor in 0.32 ms, found 1 plugins.
Preloading 0 native plugins for Editor in 0.00 ms.
Invoked RoslynAnalysisRunner static constructor.
RoslynAnalysisRunner will not be running.
RoslynAnalysisRunner has terminated.
Mono: successfully reloaded assembly
- Completed reload, in  1.160 seconds
Platform modules already initialized, skipping
Refreshing native plugins compatible for Editor in 0.42 ms, found 1 plugins.
Preloading 0 native plugins for Editor in 0.00 ms.
Unloading 1805 Unused Serialized files (Serialized files now loaded: 0)
System memory in use before: 88.0 MB.
System memory in use after: 87.9 MB.

Unloading 13 unused Assets to reduce memory usage. Loaded Objects now: 2270.
Total: 3.464300 ms (FindLiveObjects: 0.321100 ms CreateObjectMapping: 0.101700 ms MarkObjects: 2.917300 ms  DeleteObjects: 0.122700 ms)

========================================================================
Received Import Request.
  Time since last request: 800.872705 seconds.
  path: Assets/Bullet.prefab
  artifactKey: Guid(608228efbaff21c448a8d7b5af0854c0) Importer(815301076,1909f56bfc062723c751e8b465ee728b)
Start importing Assets/Bullet.prefab using Guid(608228efbaff21c448a8d7b5af0854c0) Importer(815301076,1909f56bfc062723c751e8b465ee728b)  -> (artifact id: 'ceefd0876bf4f63503d37010e3ad3263') in 0.119898 seconds
  Import took 0.127764 seconds .

========================================================================
Received Prepare
Registering precompiled user dll's ...
Registered in 0.002893 seconds.
Begin MonoManager ReloadAssembly
Native extension for WindowsStandalone target not found
Refreshing native plugins compatible for Editor in 0.39 ms, found 1 plugins.
Preloading 0 native plugins for Editor in 0.00 ms.
Invoked RoslynAnalysisRunner static constructor.
RoslynAnalysisRunner will not be running.
RoslynAnalysisRunner has terminated.
Mono: successfully reloaded assembly
- Completed reload, in  2.061 seconds
Platform modules already initialized, skipping
Refreshing native plugins compatible for Editor in 0.43 ms, found 1 plugins.
Preloading 0 native plugins for Editor in 0.00 ms.
Unloading 1806 Unused Serialized files (Serialized files now loaded: 0)
System memory in use before: 88.0 MB.
System memory in use after: 88.0 MB.

Unloading 12 unused Assets to reduce memory usage. Loaded Objects now: 2279.
Total: 2.831600 ms (FindLiveObjects: 0.259800 ms CreateObjectMapping: 0.099400 ms MarkObjects: 2.338000 ms  DeleteObjects: 0.133000 ms)

========================================================================
Received Import Request.
  Time since last request: 42.121143 seconds.
  path: Assets/playerShooterScript.cs
  artifactKey: Guid(cdab63ca989c2b848ab7ca1140d5af43) Importer(815301076,1909f56bfc062723c751e8b465ee728b)
Start importing Assets/playerShooterScript.cs using Guid(cdab63ca989c2b848ab7ca1140d5af43) Importer(815301076,1909f56bfc062723c751e8b465ee728b)  -> (artifact id: '58acc055455bdc3ca8aafcf3d1c49553') in 0.027697 seconds
  Import took 0.033965 seconds .

========================================================================
Received Import Request.
  Time since last request: 2042.249021 seconds.
  path: Assets/playerShooterScript.cs
  artifactKey: Guid(cdab63ca989c2b848ab7ca1140d5af43) Importer(815301076,1909f56bfc062723c751e8b465ee728b)
Start importing Assets/playerShooterScript.cs using Guid(cdab63ca989c2b848ab7ca1140d5af43) Importer(815301076,1909f56bfc062723c751e8b465ee728b)  -> (artifact id: '8c5a2c9a53fe401abfcea4c09b7b3d43') in 0.020721 seconds
  Import took 0.037052 seconds .

========================================================================
Received Import Request.
  Time since last request: 0.083726 seconds.
  path: Assets/playerShooterScript.cs
  artifactKey: Guid(cdab63ca989c2b848ab7ca1140d5af43) Importer(815301076,1909f56bfc062723c751e8b465ee728b)
Start importing Assets/playerShooterScript.cs using Guid(cdab63ca989c2b848ab7ca1140d5af43) Importer(815301076,1909f56bfc062723c751e8b465ee728b)  -> (artifact id: '8c5a2c9a53fe401abfcea4c09b7b3d43') in 0.012200 seconds
  Import took 0.020354 seconds .

========================================================================
Received Import Request.
  Time since last request: 196.233306 seconds.
  path: Assets/playerShooterScript.cs
  artifactKey: Guid(cdab63ca989c2b848ab7ca1140d5af43) Importer(815301076,1909f56bfc062723c751e8b465ee728b)
Start importing Assets/playerShooterScript.cs using Guid(cdab63ca989c2b848ab7ca1140d5af43) Importer(815301076,1909f56bfc062723c751e8b465ee728b)  -> (artifact id: '593b5fd79d5ed63c53ad039f5c8e72f7') in 0.016675 seconds
  Import took 0.025612 seconds .

========================================================================
Received Import Request.
  Time since last request: 188.479738 seconds.
  path: Assets/playerShooterScript.cs
  artifactKey: Guid(cdab63ca989c2b848ab7ca1140d5af43) Importer(815301076,1909f56bfc062723c751e8b465ee728b)
Start importing Assets/playerShooterScript.cs using Guid(cdab63ca989c2b848ab7ca1140d5af43) Importer(815301076,1909f56bfc062723c751e8b465ee728b)  -> (artifact id: 'ce90713211a1f892de8246380e24b7d5') in 0.009100 seconds
  Import took 0.018596 seconds .

========================================================================
Received Import Request.
  Time since last request: 0.009229 seconds.
  path: Assets/playerShooterScript.cs
  artifactKey: Guid(cdab63ca989c2b848ab7ca1140d5af43) Importer(815301076,1909f56bfc062723c751e8b465ee728b)
Start importing Assets/playerShooterScript.cs using Guid(cdab63ca989c2b848ab7ca1140d5af43) Importer(815301076,1909f56bfc062723c751e8b465ee728b)  -> (artifact id: 'ce90713211a1f892de8246380e24b7d5') in 0.014341 seconds
  Import took 0.021268 seconds .

========================================================================
Received Import Request.
  Time since last request: 46.823553 seconds.
  path: Assets/playerShooterScript.cs
  artifactKey: Guid(cdab63ca989c2b848ab7ca1140d5af43) Importer(815301076,1909f56bfc062723c751e8b465ee728b)
Start importing Assets/playerShooterScript.cs using Guid(cdab63ca989c2b848ab7ca1140d5af43) Importer(815301076,1909f56bfc062723c751e8b465ee728b)  -> (artifact id: '7a7da69d08cad9596b7015524cac1947') in 0.034003 seconds
  Import took 0.050416 seconds .

========================================================================
Received Import Request.
  Time since last request: 35.518965 seconds.
  path: Assets/playerShooterScript.cs
  artifactKey: Guid(cdab63ca989c2b848ab7ca1140d5af43) Importer(815301076,1909f56bfc062723c751e8b465ee728b)
Start importing Assets/playerShooterScript.cs using Guid(cdab63ca989c2b848ab7ca1140d5af43) Importer(815301076,1909f56bfc062723c751e8b465ee728b)  -> (artifact id: 'eeb8ac968d4e9607bc3445fdee59dd59') in 0.007933 seconds
  Import took 0.014721 seconds .

========================================================================
Received Prepare
Registering precompiled user dll's ...
Registered in 0.001722 seconds.
Begin MonoManager ReloadAssembly
Native extension for WindowsStandalone target not found
Refreshing native plugins compatible for Editor in 0.64 ms, found 1 plugins.
Preloading 0 native plugins for Editor in 0.00 ms.
Invoked RoslynAnalysisRunner static constructor.
RoslynAnalysisRunner will not be running.
RoslynAnalysisRunner has terminated.
Mono: successfully reloaded assembly
- Completed reload, in  1.559 seconds
Platform modules already initialized, skipping
Refreshing native plugins compatible for Editor in 0.34 ms, found 1 plugins.
Preloading 0 native plugins for Editor in 0.00 ms.
Unloading 1806 Unused Serialized files (Serialized files now loaded: 0)
System memory in use before: 88.1 MB.
System memory in use after: 88.0 MB.

Unloading 12 unused Assets to reduce memory usage. Loaded Objects now: 2283.
Total: 3.418200 ms (FindLiveObjects: 0.246800 ms CreateObjectMapping: 0.102800 ms MarkObjects: 2.824300 ms  DeleteObjects: 0.243000 ms)

========================================================================
Received Import Request.
  Time since last request: 47.249904 seconds.
  path: Assets/playerShooterScript.cs
  artifactKey: Guid(cdab63ca989c2b848ab7ca1140d5af43) Importer(815301076,1909f56bfc062723c751e8b465ee728b)
Start importing Assets/playerShooterScript.cs using Guid(cdab63ca989c2b848ab7ca1140d5af43) Importer(815301076,1909f56bfc062723c751e8b465ee728b)  -> (artifact id: 'e5a2e24ecb88c09cbc09102d8db12371') in 0.009801 seconds
  Import took 0.014756 seconds .

========================================================================
Received Import Request.
  Time since last request: 0.057955 seconds.
  path: Assets/playerShooterScript.cs
  artifactKey: Guid(cdab63ca989c2b848ab7ca1140d5af43) Importer(815301076,1909f56bfc062723c751e8b465ee728b)
Start importing Assets/playerShooterScript.cs using Guid(cdab63ca989c2b848ab7ca1140d5af43) Importer(815301076,1909f56bfc062723c751e8b465ee728b)  -> (artifact id: 'e5a2e24ecb88c09cbc09102d8db12371') in 0.009096 seconds
  Import took 0.016217 seconds .

========================================================================
Received Prepare
Registering precompiled user dll's ...
Registered in 0.002174 seconds.
Begin MonoManager ReloadAssembly
Native extension for WindowsStandalone target not found
Refreshing native plugins compatible for Editor in 0.50 ms, found 1 plugins.
Preloading 0 native plugins for Editor in 0.00 ms.
Invoked RoslynAnalysisRunner static constructor.
RoslynAnalysisRunner will not be running.
RoslynAnalysisRunner has terminated.
Mono: successfully reloaded assembly
- Completed reload, in  1.344 seconds
Platform modules already initialized, skipping
Refreshing native plugins compatible for Editor in 0.36 ms, found 1 plugins.
Preloading 0 native plugins for Editor in 0.00 ms.
Unloading 1806 Unused Serialized files (Serialized files now loaded: 0)
System memory in use before: 88.1 MB.
System memory in use after: 88.0 MB.

Unloading 12 unused Assets to reduce memory usage. Loaded Objects now: 2287.
Total: 2.903600 ms (FindLiveObjects: 0.233000 ms CreateObjectMapping: 0.090100 ms MarkObjects: 2.403800 ms  DeleteObjects: 0.174800 ms)

========================================================================
Received Prepare
Registering precompiled user dll's ...
Registered in 0.001592 seconds.
Begin MonoManager ReloadAssembly
Native extension for WindowsStandalone target not found
Refreshing native plugins compatible for Editor in 1.64 ms, found 1 plugins.
Preloading 0 native plugins for Editor in 0.00 ms.
Invoked RoslynAnalysisRunner static constructor.
RoslynAnalysisRunner will not be running.
RoslynAnalysisRunner has terminated.
Mono: successfully reloaded assembly
- Completed reload, in  1.908 seconds
Platform modules already initialized, skipping
Refreshing native plugins compatible for Editor in 0.59 ms, found 1 plugins.
Preloading 0 native plugins for Editor in 0.00 ms.
Unloading 1806 Unused Serialized files (Serialized files now loaded: 0)
System memory in use before: 88.1 MB.
System memory in use after: 88.1 MB.

Unloading 12 unused Assets to reduce memory usage. Loaded Objects now: 2291.
Total: 4.987200 ms (FindLiveObjects: 0.370900 ms CreateObjectMapping: 0.116000 ms MarkObjects: 4.336600 ms  DeleteObjects: 0.160500 ms)

========================================================================
Received Prepare
Registering precompiled user dll's ...
Registered in 0.001502 seconds.
Begin MonoManager ReloadAssembly
Native extension for WindowsStandalone target not found
Refreshing native plugins compatible for Editor in 0.35 ms, found 1 plugins.
Preloading 0 native plugins for Editor in 0.00 ms.
Invoked RoslynAnalysisRunner static constructor.
RoslynAnalysisRunner will not be running.
RoslynAnalysisRunner has terminated.
Mono: successfully reloaded assembly
- Completed reload, in  0.966 seconds
Platform modules already initialized, skipping
Refreshing native plugins compatible for Editor in 0.55 ms, found 1 plugins.
Preloading 0 native plugins for Editor in 0.00 ms.
Unloading 1806 Unused Serialized files (Serialized files now loaded: 0)
System memory in use before: 88.1 MB.
System memory in use after: 88.1 MB.

Unloading 12 unused Assets to reduce memory usage. Loaded Objects now: 2295.
Total: 2.734900 ms (FindLiveObjects: 0.326400 ms CreateObjectMapping: 0.109200 ms MarkObjects: 2.158200 ms  DeleteObjects: 0.140000 ms)

AssetImportWorkerClient::OnTransportError - code=2 error=End of file
